<?xml version="1.0" encoding="UTF-8"?>
<testng-results skipped="0" failed="0" total="1" passed="1">
  <reporter-output>
  </reporter-output>
  <suite name="Default suite" duration-ms="16359" started-at="2017-11-22T22:05:45Z" finished-at="2017-11-22T22:06:01Z">
    <groups>
    </groups>
    <test name="Default test" duration-ms="16359" started-at="2017-11-22T22:05:45Z" finished-at="2017-11-22T22:06:01Z">
      <class name="test.TravelocityBusquedaPageTest">
        <test-method status="PASS" signature="beforeSuite(java.lang.String)[pri:0, instance:test.TravelocityBusquedaPageTest@7ac7a4e4]" name="beforeSuite" is-config="true" duration-ms="16345" started-at="2017-11-22T17:05:29Z" finished-at="2017-11-22T17:05:45Z">
          <params>
            <param index="0">
              <value>
                <![CDATA[FIREFOX]]>
              </value>
            </param>
          </params>
          <reporter-output>
          </reporter-output>
        </test-method> <!-- beforeSuite -->
        <test-method status="PASS" signature="BuscarVuelo()[pri:0, instance:test.TravelocityBusquedaPageTest@7ac7a4e4]" name="BuscarVuelo" duration-ms="16335" started-at="2017-11-22T17:05:45Z" finished-at="2017-11-22T17:06:01Z">
          <reporter-output>
          </reporter-output>
        </test-method> <!-- BuscarVuelo -->
        <test-method status="PASS" signature="afterSuite()[pri:0, instance:test.TravelocityBusquedaPageTest@7ac7a4e4]" name="afterSuite" is-config="true" duration-ms="1" started-at="2017-11-22T17:06:01Z" finished-at="2017-11-22T17:06:01Z">
          <reporter-output>
          </reporter-output>
        </test-method> <!-- afterSuite -->
      </class> <!-- test.TravelocityBusquedaPageTest -->
    </test> <!-- Default test -->
  </suite> <!-- Default suite -->
</testng-results>
